

times in msec
 clock   self+sourced   self:  sourced script
 clock   elapsed:              other lines

000.008  000.008: --- NVIM STARTING ---
000.101  000.092: event init
000.234  000.133: early init
000.489  000.255: locale set
000.522  000.033: init first window
011.691  011.168: inits 1
011.709  000.018: window checked
011.712  000.003: parsing arguments
012.148  000.098  000.098: require('vim.shared')
012.273  000.044  000.044: require('vim._meta')
012.275  000.123  000.079: require('vim._editor')
012.277  000.262  000.040: require('vim._init_packages')
012.279  000.305: init lua interpreter
012.559  000.280: expanding arguments
012.626  000.067: inits 2
013.000  000.373: init highlight
013.001  000.001: waiting for UI
015.230  002.229: done waiting for UI
015.268  000.039: init screen for UI
015.474  000.205: init default mappings
015.493  000.019: init default autocommands
017.453  000.064  000.064: sourcing /opt/homebrew/Cellar/neovim/0.8.2/share/nvim/runtime/ftplugin.vim
017.620  000.018  000.018: sourcing /opt/homebrew/Cellar/neovim/0.8.2/share/nvim/runtime/indent.vim
017.911  000.129  000.129: require('devstefancho.globals')
018.255  000.342  000.342: require('devstefancho.base')
018.603  000.345  000.345: require('devstefancho.highlights')
018.751  000.008  000.008: require('vim.keymap')
019.104  000.499  000.491: require('devstefancho.maps')
021.434  000.388  000.388: require('packer.util')
021.474  001.926  001.538: require('packer')
023.874  001.810  001.810: require('packer.log')
024.669  000.271  000.271: require('packer.async')
025.222  000.216  000.216: require('packer.result')
025.226  000.555  000.338: require('packer.jobs')
025.232  001.271  000.446: require('packer.plugin_utils')
025.595  000.352  000.352: require('packer.snapshot')
025.881  006.774  001.415: require('devstefancho.plugins')
026.190  000.187  000.187: require('devstefancho.icons')
027.625  000.006  000.006: require('vim.F')
027.665  001.472  001.466: require('vim.diagnostic')
027.696  001.812  000.153: require('devstefancho.diagnostics')
027.827  000.124  000.124: require('devstefancho.macos')
027.829  010.079  000.053: sourcing /Users/stefancho/.config/nvim/init.lua
027.845  002.191: sourcing vimrc file(s)
028.548  000.019  000.019: sourcing /Users/stefancho/.local/share/nvim/site/pack/packer/start/LuaSnip/ftdetect/snippets.vim
028.851  000.013  000.013: sourcing /Users/stefancho/.local/share/nvim/site/pack/packer/start/vifm.vim/ftdetect/vifm-rename.vim
028.917  000.021  000.021: sourcing /Users/stefancho/.local/share/nvim/site/pack/packer/start/vifm.vim/ftdetect/vifm.vim
029.331  001.069  001.017: sourcing /opt/homebrew/Cellar/neovim/0.8.2/share/nvim/runtime/filetype.lua
029.407  000.016  000.016: sourcing /opt/homebrew/Cellar/neovim/0.8.2/share/nvim/runtime/filetype.vim
029.860  000.085  000.085: sourcing /opt/homebrew/Cellar/neovim/0.8.2/share/nvim/runtime/syntax/synload.vim
029.977  000.461  000.376: sourcing /opt/homebrew/Cellar/neovim/0.8.2/share/nvim/runtime/syntax/syntax.vim
031.895  000.144  000.144: sourcing /opt/homebrew/Cellar/neovim/0.8.2/share/nvim/runtime/plugin/gzip.vim
031.950  000.011  000.011: sourcing /opt/homebrew/Cellar/neovim/0.8.2/share/nvim/runtime/plugin/health.vim
032.729  000.153  000.153: sourcing /opt/homebrew/Cellar/neovim/0.8.2/share/nvim/runtime/pack/dist/opt/matchit/plugin/matchit.vim
032.871  000.883  000.731: sourcing /opt/homebrew/Cellar/neovim/0.8.2/share/nvim/runtime/plugin/matchit.vim
033.067  000.156  000.156: sourcing /opt/homebrew/Cellar/neovim/0.8.2/share/nvim/runtime/plugin/matchparen.vim
033.405  000.297  000.297: sourcing /opt/homebrew/Cellar/neovim/0.8.2/share/nvim/runtime/plugin/netrwPlugin.vim
033.640  000.009  000.009: sourcing /Users/stefancho/.local/share/nvim/rplugin.vim
033.646  000.188  000.179: sourcing /opt/homebrew/Cellar/neovim/0.8.2/share/nvim/runtime/plugin/rplugin.vim
033.755  000.058  000.058: sourcing /opt/homebrew/Cellar/neovim/0.8.2/share/nvim/runtime/plugin/shada.vim
033.829  000.023  000.023: sourcing /opt/homebrew/Cellar/neovim/0.8.2/share/nvim/runtime/plugin/spellfile.vim
034.018  000.092  000.092: sourcing /opt/homebrew/Cellar/neovim/0.8.2/share/nvim/runtime/plugin/tarPlugin.vim
034.151  000.082  000.082: sourcing /opt/homebrew/Cellar/neovim/0.8.2/share/nvim/runtime/plugin/tohtml.vim
034.221  000.020  000.020: sourcing /opt/homebrew/Cellar/neovim/0.8.2/share/nvim/runtime/plugin/tutor.vim
034.406  000.130  000.130: sourcing /opt/homebrew/Cellar/neovim/0.8.2/share/nvim/runtime/plugin/zipPlugin.vim
038.153  000.254  000.254: require('toggleterm.lazy')
038.286  000.129  000.129: require('toggleterm.constants')
038.601  000.314  000.314: require('toggleterm.terminal')
038.604  003.260  002.563: require('toggleterm')
038.945  000.145  000.145: require('toggleterm.colors')
039.120  000.174  000.174: require('toggleterm.utils')
039.126  000.520  000.202: require('toggleterm.config')
039.471  000.195  000.195: require('toggleterm.commandline')
039.543  000.056  000.056: require('devstefancho.nvim-lsp.mason')
039.872  000.130  000.130: require('mason-core.path')
039.881  000.257  000.127: require('mason.settings')
040.291  000.174  000.174: require('mason-core.functional')
040.568  000.103  000.103: require('mason-core.functional.data')
040.572  000.267  000.164: require('mason-core.functional.function')
040.715  000.134  000.134: require('mason-core.functional.relation')
040.852  000.132  000.132: require('mason-core.functional.logic')
040.863  000.980  000.273: require('mason-core.platform')
040.864  001.320  000.084: require('mason')
041.309  000.213  000.213: require('mason-core.functional.list')
041.460  000.148  000.148: require('mason-core.functional.string')
041.480  000.602  000.240: require('mason.api.command')
041.617  000.130  000.130: require('mason-registry.sources')
041.623  007.032  000.948: sourcing /Users/stefancho/.config/nvim/plugin/packer_compiled.lua
042.255  000.058  000.058: sourcing /opt/homebrew/Cellar/neovim/0.8.2/share/nvim/runtime/plugin/man.lua
042.280  003.712: loading rtp plugins
043.250  000.099  000.099: sourcing /Users/stefancho/.local/share/nvim/site/pack/packer/start/codi.vim/plugin/codi.vim
043.879  000.101  000.101: require('Comment.config')
044.406  000.239  000.239: require('Comment.ft')
044.412  000.532  000.293: require('Comment.utils')
044.602  000.189  000.189: require('Comment.opfunc')
044.738  000.135  000.135: require('Comment.extra')
044.743  001.120  000.163: require('Comment.api')
045.019  001.439  000.319: sourcing /Users/stefancho/.local/share/nvim/site/pack/packer/start/Comment.nvim/plugin/Comment.lua
046.498  001.317  001.317: sourcing /Users/stefancho/.local/share/nvim/site/pack/packer/start/emmet-vim/plugin/emmet.vim
047.605  000.263  000.263: require('indent_blankline/utils')
047.608  000.779  000.516: require('indent_blankline')
047.873  000.171  000.171: require('indent_blankline.commands')
047.925  001.144  000.194: sourcing /Users/stefancho/.local/share/nvim/site/pack/packer/start/indent-blankline.nvim/plugin/indent_blankline.vim
048.271  000.039  000.039: sourcing /Users/stefancho/.local/share/nvim/site/pack/packer/start/lspsaga.nvim/plugin/lspsaga.lua
049.065  000.097  000.097: require('luasnip.util.types')
049.238  000.172  000.172: require('luasnip.util.ext_opts')
050.817  000.157  000.157: require('vim.treesitter.language')
050.824  000.549  000.392: require('vim.treesitter.query')
051.237  000.411  000.411: require('vim.treesitter.languagetree')
051.292  001.311  000.350: require('vim.treesitter')
051.386  002.026  000.715: require('nvim-treesitter.parsers')
051.901  000.201  000.201: require('nvim-treesitter.utils')
051.905  000.518  000.317: require('nvim-treesitter.ts_utils')
051.907  002.667  000.124: require('luasnip.extras.filetype_functions')
051.998  000.089  000.089: require('luasnip.session')
052.716  000.343  000.343: require('luasnip.util.util')
052.860  000.143  000.143: require('luasnip.nodes.util')
052.945  000.084  000.084: require('luasnip.util.events')
052.956  000.795  000.225: require('luasnip.nodes.node')
053.120  000.098  000.098: require('luasnip.util.extend_decorator')
053.125  001.126  000.233: require('luasnip.nodes.insertNode')
053.530  000.141  000.141: require('luasnip.util.mark')
054.166  000.109  000.109: require('luasnip.nodes.textNode')
054.721  000.410  000.410: require('luasnip.util._builtin_vars')
054.759  000.035  000.035: require('vim.inspect')
054.798  000.630  000.185: require('luasnip.util.environ')
054.930  000.130  000.130: require('luasnip.util.pattern_tokenizer')
055.029  000.098  000.098: require('luasnip.util.dict')
055.227  000.197  000.197: require('luasnip.session.snippet_collection')
055.255  001.723  000.559: require('luasnip.nodes.snippet')
055.263  002.105  000.241: require('luasnip.nodes.choiceNode')
055.425  000.152  000.152: require('luasnip.nodes.functionNode')
055.656  000.230  000.230: require('luasnip.nodes.dynamicNode')
055.857  000.200  000.200: require('luasnip.nodes.restoreNode')
055.939  000.080  000.080: require('luasnip.nodes.absolute_indexer')
056.101  000.161  000.161: require('luasnip.extras')
056.384  000.114  000.114: require('luasnip.util.str')
056.387  000.284  000.171: require('luasnip.extras.fmt')
056.620  000.088  000.088: require('luasnip.extras.conditions')
056.692  000.071  000.071: require('luasnip.extras.conditions.show')
056.699  000.239  000.081: require('luasnip.extras.conditions.expand')
056.700  000.312  000.073: require('luasnip.extras.expand_conditions')
056.801  000.100  000.100: require('luasnip.extras.postfix')
057.454  000.163  000.163: require('luasnip.util.parser.neovim_ast')
058.131  000.162  000.162: require('luasnip.util.directed_graph')
058.147  001.225  000.900: require('luasnip.util.parser.ast_utils')
058.450  000.083  000.083: require('luasnip.util.functions')
058.453  000.305  000.222: require('luasnip.util.parser.ast_parser')
058.698  000.244  000.244: require('luasnip.util.parser.neovim_parser')
058.701  001.899  000.125: require('luasnip.util.parser')
059.226  010.622  000.948: require('luasnip.config')
059.264  010.755  000.133: sourcing /Users/stefancho/.local/share/nvim/site/pack/packer/start/LuaSnip/plugin/luasnip.vim
060.042  000.132  000.132: require('cmp.utils.api')
060.223  000.094  000.094: require('cmp.types.cmp')
060.542  000.167  000.167: require('cmp.utils.misc')
060.551  000.327  000.160: require('cmp.types.lsp')
060.630  000.078  000.078: require('cmp.types.vim')
060.631  000.588  000.089: require('cmp.types')
060.729  000.097  000.097: require('cmp.utils.highlight')
060.918  000.087  000.087: require('cmp.utils.debug')
060.922  000.192  000.105: require('cmp.utils.autocmd')
061.106  001.256  000.247: sourcing /Users/stefancho/.local/share/nvim/site/pack/packer/start/nvim-cmp/plugin/cmp.lua
061.281  000.025  000.025: sourcing /Users/stefancho/.local/share/nvim/site/pack/packer/start/nvim-colorizer.lua/plugin/colorizer.vim
061.605  000.074  000.074: sourcing /Users/stefancho/.local/share/nvim/site/pack/packer/start/nvim-dap/plugin/dap.lua
063.465  000.219  000.219: require('vim.lsp.log')
063.993  000.527  000.527: require('vim.lsp.protocol')
065.177  000.311  000.311: require('vim.lsp._snippet')
065.353  000.175  000.175: require('vim.highlight')
065.362  001.368  000.882: require('vim.lsp.util')
065.381  002.486  000.372: require('vim.lsp.handlers')
065.773  000.391  000.391: require('vim.lsp.rpc')
066.003  000.228  000.228: require('vim.lsp.sync')
066.469  000.465  000.465: require('vim.lsp.buf')
066.673  000.203  000.203: require('vim.lsp.diagnostic')
066.899  000.225  000.225: require('vim.lsp.codelens')
066.966  004.941  000.943: require('vim.lsp')
066.987  005.049  000.109: sourcing /Users/stefancho/.local/share/nvim/site/pack/packer/start/nvim-lspconfig/plugin/lspconfig.lua
068.652  000.172  000.172: require('nvim-treesitter.tsrange')
068.766  000.113  000.113: require('nvim-treesitter.caching')
068.779  000.558  000.272: require('nvim-treesitter.query')
068.789  000.848  000.290: require('nvim-treesitter.configs')
068.791  001.013  000.165: require('nvim-treesitter.info')
069.005  000.213  000.213: require('nvim-treesitter.shell_command_selectors')
069.024  001.658  000.431: require('nvim-treesitter.install')
069.158  000.117  000.117: require('nvim-treesitter.statusline')
069.325  000.166  000.166: require('nvim-treesitter.query_predicates')
069.326  002.066  000.126: require('nvim-treesitter')
069.527  002.293  000.228: sourcing /Users/stefancho/.local/share/nvim/site/pack/packer/start/nvim-treesitter/plugin/nvim-treesitter.lua
070.239  000.090  000.090: require('nvim-ts-autotag._log')
070.241  000.196  000.106: require('nvim-ts-autotag.utils')
070.248  000.484  000.287: require('nvim-ts-autotag.internal')
070.249  000.589  000.105: require('nvim-ts-autotag')
070.258  000.608  000.019: sourcing /Users/stefancho/.local/share/nvim/site/pack/packer/start/nvim-ts-autotag/plugin/nvim-ts-autotag.vim
070.564  000.103  000.103: require('ts_context_commentstring')
070.578  000.126  000.023: sourcing /Users/stefancho/.local/share/nvim/site/pack/packer/start/nvim-ts-context-commentstring/plugin/ts_context_commentstring.vim
070.835  000.024  000.024: sourcing /Users/stefancho/.local/share/nvim/site/pack/packer/start/nvim-web-devicons/plugin/nvim-web-devicons.vim
071.263  000.118  000.118: require('nvim-treesitter-playground')
071.377  000.262  000.143: sourcing /Users/stefancho/.local/share/nvim/site/pack/packer/start/playground/plugin/nvim-treesitter-playground.lua
071.517  000.022  000.022: sourcing /Users/stefancho/.local/share/nvim/site/pack/packer/start/plenary.nvim/plugin/plenary.vim
072.131  000.241  000.241: sourcing /Users/stefancho/.local/share/nvim/site/pack/packer/start/telescope.nvim/plugin/telescope.lua
072.444  000.033  000.033: sourcing /Users/stefancho/.local/share/nvim/site/pack/packer/start/true-zen.nvim/plugin/true-zen.lua
072.786  000.018  000.018: sourcing /Users/stefancho/.local/share/nvim/site/pack/packer/start/vifm.vim/autoload/vifm/globals.vim
072.927  000.372  000.354: sourcing /Users/stefancho/.local/share/nvim/site/pack/packer/start/vifm.vim/plugin/vifm.vim
073.365  000.237  000.237: sourcing /Users/stefancho/.local/share/nvim/site/pack/packer/start/vim-surround/plugin/surround.vim
073.519  005.824: loading packages
075.217  000.149  000.149: require('cmp.utils.char')
075.222  000.296  000.146: require('cmp.utils.str')
075.308  000.085  000.085: require('cmp.utils.pattern')
075.685  000.079  000.079: require('cmp.utils.buffer')
075.689  000.273  000.193: require('cmp.utils.keymap')
075.692  000.383  000.110: require('cmp.utils.feedkeys')
075.825  000.133  000.133: require('cmp.utils.async')
076.019  000.084  000.084: require('cmp.utils.cache')
076.022  000.195  000.111: require('cmp.context')
076.577  000.150  000.150: require('cmp.config.mapping')
076.868  000.176  000.176: require('cmp.config.compare')
076.869  000.290  000.114: require('cmp.config.default')
076.879  000.617  000.176: require('cmp.config')
077.379  000.164  000.164: require('cmp.matcher')
077.382  000.502  000.338: require('cmp.entry')
077.385  001.362  000.244: require('cmp.source')
077.656  000.091  000.091: require('cmp.utils.event')
078.184  000.075  000.075: require('cmp.utils.options')
078.192  000.356  000.281: require('cmp.utils.window')
078.193  000.536  000.180: require('cmp.view.docs_view')
078.581  000.388  000.388: require('cmp.view.custom_entries_view')
078.777  000.195  000.195: require('cmp.view.wildmenu_entries_view')
078.911  000.133  000.133: require('cmp.view.native_entries_view')
079.017  000.105  000.105: require('cmp.view.ghost_text_view')
079.025  001.640  000.191: require('cmp.view')
079.183  004.605  000.512: require('cmp.core')
079.306  000.073  000.073: require('cmp.config.sources')
079.382  000.075  000.075: require('cmp.config.window')
079.404  005.070  000.316: require('cmp')
079.747  000.057  000.057: require('cmp_buffer.timer')
079.749  000.210  000.153: require('cmp_buffer.buffer')
079.751  000.299  000.089: require('cmp_buffer.source')
079.752  000.347  000.048: require('cmp_buffer')
079.760  005.444  000.027: sourcing /Users/stefancho/.local/share/nvim/site/pack/packer/start/cmp-buffer/after/plugin/cmp_buffer.lua
080.065  000.092  000.092: require('cmp_nvim_lsp.source')
080.066  000.187  000.095: require('cmp_nvim_lsp')
080.086  000.223  000.036: sourcing /Users/stefancho/.local/share/nvim/site/pack/packer/start/cmp-nvim-lsp/after/plugin/cmp_nvim_lsp.lua
081.192  000.071  000.071: require('nvim-autopairs._log')
081.324  000.131  000.131: require('nvim-autopairs.utils')
081.708  000.162  000.162: require('nvim-autopairs.conds')
081.711  000.290  000.128: require('nvim-autopairs.rule')
081.712  000.387  000.097: require('nvim-autopairs.rules.basic')
081.716  000.895  000.305: require('nvim-autopairs')
081.972  001.166  000.271: sourcing /Users/stefancho/.config/nvim/after/plugin/autopairs.lua
082.235  000.046  000.046: require('bufferline.lazy')
082.287  000.050  000.050: require('bufferline.constants')
082.420  000.132  000.132: require('bufferline.commands')
082.424  000.399  000.171: require('bufferline')
082.557  000.132  000.132: require('bufferline.utils')
082.815  000.256  000.256: require('bufferline.config')
083.049  000.229  000.229: require('bufferline.groups')
083.133  000.074  000.074: require('bufferline.colors')
083.285  000.125  000.125: require('bufferline.highlights')
083.734  000.071  000.071: require('bufferline.hover')
084.052  000.296  000.296: require('bufferline.ui')
084.069  002.065  000.483: sourcing /Users/stefancho/.config/nvim/after/plugin/bufferline.lua
084.474  000.373  000.373: sourcing /Users/stefancho/.config/nvim/after/plugin/cmp.lua
085.069  000.143  000.143: require('colorizer/nvim')
085.214  000.007  000.007: require('ffi')
085.272  000.203  000.196: require('colorizer/trie')
085.371  000.852  000.505: require('colorizer')
085.739  001.234  000.382: sourcing /Users/stefancho/.config/nvim/after/plugin/colorizer.lua
085.974  000.204  000.204: sourcing /Users/stefancho/.config/nvim/after/plugin/colorscheme/material.lua
086.194  000.192  000.192: sourcing /Users/stefancho/.config/nvim/after/plugin/colorscheme/neosolarized.lua
086.675  000.164  000.164: require('tokyonight.treesitter')
086.677  000.324  000.160: require('tokyonight.util')
087.261  000.144  000.144: require('tokyonight.colors')
087.262  000.584  000.440: require('tokyonight.theme')
087.456  000.193  000.193: require('tokyonight.config')
087.457  001.217  000.115: require('tokyonight')
088.421  000.191  000.191: require('vim.treesitter.highlighter')
088.941  000.821  000.630: sourcing /Users/stefancho/.local/share/nvim/site/pack/packer/start/tokyonight.nvim/colors/tokyonight-storm.lua
089.217  000.182  000.182: require('indent_blankline.utils')
089.519  003.296  001.077: sourcing /Users/stefancho/.config/nvim/after/plugin/colorscheme/tokyonight.lua
089.643  000.076  000.076: require('Comment')
089.739  000.095  000.095: require('ts_context_commentstring.integrations.comment_nvim')
089.835  000.283  000.111: sourcing /Users/stefancho/.config/nvim/after/plugin/comment.lua
090.091  000.100  000.100: require('gitsigns.async')
090.333  000.051  000.051: require('gitsigns.message')
090.337  000.245  000.194: require('gitsigns.config')
090.423  000.085  000.085: require('gitsigns.debug.log')
090.492  000.068  000.068: require('gitsigns.uv')
090.494  000.615  000.116: require('gitsigns')
090.718  000.855  000.240: sourcing /Users/stefancho/.config/nvim/after/plugin/gitsigns.lua
090.799  000.053  000.053: sourcing /Users/stefancho/.config/nvim/after/plugin/indent-blankline.lua
091.920  001.013  001.013: require('devstefancho.nvim-lsp.functions')
091.921  001.080  000.066: require('devstefancho.nvim-lsp.mason-lspconfig')
092.210  000.162  000.162: require('mason-core.log')
092.212  000.290  000.128: require('mason-lspconfig')
092.855  000.343  000.343: require('lspconfig.util')
092.856  000.549  000.206: require('lspconfig.configs')
092.858  000.645  000.096: require('lspconfig')
092.935  000.059  000.059: require('mason-lspconfig.settings')
093.039  000.099  000.099: require('mason-lspconfig.lspconfig_hook')
093.255  000.099  000.099: require('mason-core.functional.table')
093.280  000.240  000.140: require('mason-lspconfig.mappings.server')
093.675  000.167  000.167: require('mason-core.async')
093.737  000.060  000.060: require('mason-core.async.uv')
093.758  000.371  000.144: require('mason-core.fs')
093.854  000.095  000.095: require('mason-core.optional')
093.934  000.079  000.079: require('mason-core.EventEmitter')
093.941  000.660  000.115: require('mason-registry')
093.999  000.056  000.056: require('mason-lspconfig.server_config_extensions')
094.108  000.108  000.108: require('lspconfig.server_configurations.omnisharp')
094.267  000.057  000.057: require('mason-core.notify')
094.268  000.128  000.070: require('mason-lspconfig.ensure_installed')
094.421  000.152  000.152: require('mason-core.package')
094.515  000.082  000.082: require('mason-registry.sources.lua')
094.700  000.183  000.183: require('mason-registry.index')
095.107  000.116  000.116: require('mason-core.result')
095.278  000.170  000.170: require('mason-core.process')
095.315  000.428  000.142: require('mason-core.spawn')
095.819  000.115  000.115: require('mason-core.receipt')
095.832  000.327  000.212: require('mason-core.installer.context')
095.964  000.131  000.131: require('mason-core.installer.linker')
096.052  000.087  000.087: require('mason-core.async.control')
096.054  000.738  000.194: require('mason-core.installer')
096.146  000.091  000.091: require('mason-core.providers')
096.155  001.385  000.128: require('mason-core.managers.npm')
096.159  001.458  000.073: require('mason-registry.index.vim-language-server')
096.322  000.095  000.095: require('mason-registry.index.typescript-language-server')
096.412  000.067  000.067: require('mason-registry.index.graphql-language-service-cli')
096.489  000.067  000.067: require('mason-registry.index.css-lsp')
096.562  000.062  000.062: require('mason-registry.index.tailwindcss-language-server')
096.642  000.067  000.067: require('mason-registry.index.json-lsp')
096.713  000.067  000.067: require('mason-registry.index.yaml-language-server')
096.793  000.072  000.072: require('mason-registry.index.html-lsp')
097.000  000.073  000.073: require('mason-core.functional.number')
097.013  000.218  000.145: require('mason-lspconfig.api.command')
097.255  000.104  000.104: require('lspconfig.server_configurations.yamlls')
097.604  000.088  000.088: require('lspconfig.server_configurations.html')
097.970  000.103  000.103: require('lspconfig.server_configurations.lua_ls')
098.314  000.081  000.081: require('lspconfig.server_configurations.jsonls')
098.666  000.120  000.120: require('lspconfig.server_configurations.tailwindcss')
099.032  000.096  000.096: require('lspconfig.server_configurations.tsserver')
099.356  000.089  000.089: require('lspconfig.server_configurations.pyright')
099.640  000.081  000.081: require('lspconfig.server_configurations.graphql')
099.982  000.090  000.090: require('lspconfig.server_configurations.vimls')
100.414  000.157  000.157: require('lspconfig.server_configurations.cssls')
100.759  000.054  000.054: require('devstefancho.nvim-lsp.mason-null-ls')
100.954  000.194  000.194: require('mason-null-ls')
101.031  000.076  000.076: require('mason-null-ls.settings')
101.137  000.096  000.096: require('mason-null-ls.ensure_installed')
101.225  000.085  000.085: require('mason-null-ls.mappings.source')
101.318  000.086  000.086: require('mason-registry.index.prettier')
102.115  000.083  000.083: require('mason-core.managers.powershell')
102.120  000.269  000.186: require('mason-core.fetch')
102.130  000.456  000.187: require('mason-core.managers.std')
102.259  000.129  000.129: require('mason-core.managers.github.client')
102.268  000.811  000.226: require('mason-core.managers.github')
102.275  000.910  000.099: require('mason-registry.index.stylua')
102.395  000.081  000.081: require('mason-registry.index.eslint_d')
102.511  000.114  000.114: require('mason-null-ls.automatic_installation')
102.953  000.157  000.157: require('null-ls.utils')
102.959  000.260  000.104: require('null-ls.config')
102.960  000.362  000.102: require('null-ls.logger')
102.962  000.450  000.088: require('null-ls.builtins')
103.099  000.132  000.132: require('mason-null-ls.api.command')
103.100  012.273  003.033: sourcing /Users/stefancho/.config/nvim/after/plugin/lspconfig.lua
103.273  000.093  000.093: require('lspsaga')
103.363  000.077  000.077: require('lspsaga.highlight')
103.558  000.102  000.102: require('lspsaga.lspkind')
104.080  000.126  000.126: require('lspsaga.lightbulb')
104.902  000.179  000.179: require('lspsaga.window')
105.080  000.177  000.177: require('lspsaga.libs')
105.083  000.609  000.253: require('lspsaga.codeaction')
105.088  000.997  000.388: require('lspsaga.diagnostic')
105.097  001.940  000.546: sourcing /Users/stefancho/.config/nvim/after/plugin/lspsaga.lua
105.637  000.098  000.098: require('lualine_require')
105.798  000.546  000.448: require('lualine')
107.423  000.074  000.074: require('lualine.utils.mode')
107.712  002.583  001.964: sourcing /Users/stefancho/.config/nvim/after/plugin/lualine.lua
108.218  000.066  000.066: require('luasnip.loaders._caches')
108.324  000.105  000.105: require('luasnip.util.path')
108.330  000.275  000.104: require('luasnip.loaders')
108.438  000.106  000.106: require('luasnip.util.log')
108.445  000.671  000.291: require('luasnip')
108.661  000.916  000.245: sourcing /Users/stefancho/.config/nvim/after/plugin/luasnip.lua
108.955  000.069  000.069: require('null-ls.helpers.cache')
109.085  000.130  000.130: require('null-ls.helpers.diagnostics')
109.152  000.066  000.066: require('null-ls.helpers.formatter_factory')
109.421  000.090  000.090: require('null-ls.state')
109.422  000.270  000.180: require('null-ls.helpers.generator_factory')
109.610  000.091  000.091: require('null-ls.helpers.command_resolver')
109.611  000.188  000.097: require('null-ls.helpers.make_builtin')
109.692  000.080  000.080: require('null-ls.helpers.range_formatting_args_factory')
109.693  000.877  000.075: require('null-ls.helpers')
110.089  000.099  000.099: require('null-ls.methods')
110.091  000.231  000.132: require('null-ls.diagnostics')
110.094  000.401  000.170: require('null-ls.sources')
110.096  001.371  000.093: require('null-ls')
110.190  000.090  000.090: require('null-ls.builtins.formatting.prettier')
110.270  000.078  000.078: require('null-ls.builtins.formatting.stylua')
110.426  000.094  000.094: require('null-ls.builtins.diagnostics.eslint')
110.433  000.161  000.067: require('null-ls.builtins.diagnostics.eslint_d')
110.741  000.149  000.149: require('null-ls.client')
110.753  002.060  000.210: sourcing /Users/stefancho/.config/nvim/after/plugin/null-ls.lua
111.360  000.118  000.118: require('dap.utils')
111.369  000.526  000.408: require('dap')
111.919  000.115  000.115: require('dapui.async.tasks')
112.041  000.120  000.120: require('dapui.async.control')
112.177  000.136  000.136: require('dapui.async.uv')
112.259  000.081  000.081: require('dapui.async.tests')
112.454  000.124  000.124: require('vim.ui')
112.456  000.196  000.073: require('dapui.async.ui')
112.561  000.105  000.105: require('dapui.async.lsp')
112.564  000.868  000.116: require('dapui.async')
113.014  000.094  000.094: require('dapui.config.highlights')
113.093  000.351  000.256: require('dapui.config')
113.096  000.531  000.180: require('dapui.util')
113.225  000.129  000.129: require('dapui.windows.layout')
113.227  001.683  000.155: require('dapui.windows')
113.345  000.117  000.117: require('dapui.controls')
113.347  001.977  000.177: require('dapui')
113.724  000.135  000.135: require('dapui.logging')
113.966  000.240  000.240: require('dapui.client.types')
113.967  000.516  000.141: require('dapui.client')
114.104  000.136  000.136: require('dap.breakpoints')
114.216  000.105  000.105: require('dapui.client.lib')
114.445  000.150  000.150: require('dapui.render.canvas')
114.446  000.226  000.077: require('dapui.elements.breakpoints')
114.584  000.132  000.132: require('dapui.components.breakpoints')
114.670  000.078  000.078: require('dapui.elements.repl')
114.743  000.072  000.072: require('dapui.elements.scopes')
114.823  000.075  000.075: require('dapui.components.scopes')
114.930  000.106  000.106: require('dapui.components.variables')
115.010  000.075  000.075: require('dapui.elements.stacks')
115.193  000.093  000.093: require('dapui.components.frames')
115.212  000.198  000.105: require('dapui.components.threads')
115.301  000.083  000.083: require('dapui.elements.watches')
115.423  000.119  000.119: require('dapui.components.watches')
115.502  000.073  000.073: require('dapui.elements.hover')
115.610  000.097  000.097: require('dapui.components.hover')
115.698  000.086  000.086: require('dapui.elements.console')
115.801  000.069  000.069: require('neodev')
115.874  000.072  000.072: require('neodev.config')
116.048  000.079  000.079: require('neodev.util')
116.049  000.170  000.091: require('neodev.lsp')
116.344  000.131  000.131: require('nvim-dap-virtual-text')
116.592  000.103  000.103: require('telescope._extensions')
116.594  000.228  000.124: require('telescope')
118.264  000.180  000.180: require('plenary.bit')
118.376  000.110  000.110: require('plenary.functional')
118.386  000.689  000.398: require('plenary.path')
118.390  000.852  000.163: require('plenary.strings')
118.483  000.092  000.092: require('telescope.deprecated')
119.011  000.181  000.181: require('plenary.log')
119.033  000.290  000.109: require('telescope.log')
119.576  000.277  000.277: require('plenary.job')
119.677  000.101  000.101: require('telescope.state')
119.680  000.646  000.269: require('telescope.utils')
119.683  001.199  000.263: require('telescope.sorters')
120.900  003.606  001.463: require('telescope.config')
121.356  000.201  000.201: require('plenary.window.border')
121.448  000.090  000.090: require('plenary.window')
121.541  000.093  000.093: require('plenary.popup.utils')
121.545  000.644  000.260: require('plenary.popup')
121.681  000.136  000.136: require('telescope.pickers.scroller')
121.796  000.113  000.113: require('telescope.actions.state')
121.935  000.139  000.139: require('telescope.actions.utils')
122.260  000.164  000.164: require('telescope.actions.mt')
122.272  000.336  000.172: require('telescope.actions.set')
122.576  000.158  000.158: require('telescope.config.resolve')
122.577  000.304  000.146: require('telescope.pickers.entry_display')
122.677  000.099  000.099: require('telescope.from_entry')
122.817  006.034  000.657: require('telescope.actions')
123.869  000.092  000.092: require('plenary.tbl')
123.871  000.207  000.115: require('plenary.vararg.rotate')
123.872  000.293  000.086: require('plenary.vararg')
123.963  000.090  000.090: require('plenary.errors')
123.969  000.541  000.158: require('plenary.async.async')
124.077  000.107  000.107: require('plenary.async.structs')
124.081  000.805  000.157: require('plenary.async.control')
124.850  000.610  000.610: require('telescope.make_entry')
125.289  000.129  000.129: require('plenary.async.util')
125.291  000.221  000.092: require('plenary.async.tests')
125.292  000.325  000.104: require('plenary.async')
125.293  000.442  000.117: require('telescope.finders.async_static_finder')
125.702  000.099  000.099: require('plenary.class')
125.776  000.361  000.262: require('telescope._')
125.778  000.483  000.122: require('telescope.finders.async_oneshot_finder')
125.894  000.116  000.116: require('telescope.finders.async_job_finder')
125.897  001.815  000.163: require('telescope.finders')
126.716  000.154  000.154: require('telescope.debounce')
126.945  000.229  000.229: require('telescope.mappings')
127.091  000.145  000.145: require('telescope.pickers.highlights')
127.200  000.109  000.109: require('telescope.pickers.window')
127.496  000.146  000.146: require('telescope.algos.linked_list')
127.498  000.296  000.150: require('telescope.entry_manager')
127.606  000.108  000.108: require('telescope.pickers.multi')
127.617  001.719  000.680: require('telescope.pickers')
127.624  004.606  000.267: require('telescope.builtin.__lsp')
127.640  004.822  000.216: require('telescope.builtin')
127.892  000.122  000.122: require('telescope.previewers.previewer')
128.167  000.275  000.275: require('telescope.previewers.term_previewer')
129.118  000.106  000.106: require('plenary.context_manager')
129.121  000.302  000.197: require('telescope.previewers.utils')
129.982  000.860  000.860: require('plenary.filetype')
130.453  000.451  000.451: require('plenary.scandir')
130.488  002.320  000.706: require('telescope.previewers.buffer_previewer')
130.490  002.849  000.133: require('telescope.previewers')
130.494  013.900  000.195: require('telescope._extensions.dap')
130.829  000.326  000.326: require('dap.ui')
131.221  000.311  000.311: require('dap.repl')
131.543  000.133  000.133: require('dap-vscode-js.utils')
131.550  000.228  000.095: require('dap-vscode-js.config')
131.945  000.238  000.238: require('dap-vscode-js.log')
131.950  000.399  000.162: require('dap-vscode-js.session')
132.200  000.154  000.154: require('dap-vscode-js.adapter')
132.201  000.250  000.096: require('dap-vscode-js.dap')
132.202  000.972  000.095: require('dap-vscode-js')
132.240  021.456  000.595: sourcing /Users/stefancho/.config/nvim/after/plugin/nvim-dap.lua
134.008  000.338  000.338: require('nvim-tree.notify')
134.022  000.506  000.168: require('nvim-tree.events')
134.527  000.133  000.133: require('nvim-tree.log')
135.025  000.113  000.113: require('nvim-tree.iterators.node-iterator')
135.050  000.522  000.409: require('nvim-tree.utils')
135.216  000.164  000.164: require('nvim-tree.git.utils')
135.398  000.181  000.181: require('nvim-tree.git.runner')
135.571  000.172  000.172: require('nvim-tree.watcher')
135.675  000.104  000.104: require('nvim-tree.explorer.node')
135.677  001.526  000.249: require('nvim-tree.git')
135.772  000.094  000.094: require('nvim-tree.explorer.watch')
135.971  000.093  000.093: require('nvim-tree.explorer.node-builders')
136.102  000.131  000.131: require('nvim-tree.explorer.sorters')
136.215  000.112  000.112: require('nvim-tree.explorer.filters')
136.596  000.256  000.256: require('nvim-tree.view')
136.598  000.382  000.127: require('nvim-tree.live-filter')
136.599  000.826  000.108: require('nvim-tree.explorer.explore')
136.737  000.137  000.137: require('nvim-tree.explorer.reload')
136.738  002.715  000.132: require('nvim-tree.explorer')
136.740  003.315  000.094: require('nvim-tree.core')
136.880  000.139  000.139: require('nvim-tree.diagnostics')
137.047  000.079  000.079: require('nvim-tree.modified')
137.048  000.167  000.088: require('nvim-tree.renderer.components.modified')
137.173  000.124  000.124: require('nvim-tree.renderer.components.padding')
137.283  000.109  000.109: require('nvim-tree.renderer.components.icons')
137.401  000.117  000.117: require('nvim-tree.renderer.components.full-name')
137.504  000.102  000.102: require('nvim-tree.renderer.help')
137.639  000.135  000.135: require('nvim-tree.renderer.components.git')
137.858  000.217  000.217: require('nvim-tree.renderer.builder')
137.966  000.107  000.107: require('nvim-tree.marks')
137.969  004.702  000.170: require('nvim-tree.renderer')
138.062  000.090  000.090: require('nvim-tree.actions.tree-modifiers.collapse-all')
138.139  000.077  000.077: require('nvim-tree.actions.root.dir-up')
138.241  000.100  000.100: require('nvim-tree.actions.root.change-dir')
138.334  000.093  000.093: require('nvim-tree.actions.reloaders.reloaders')
138.428  000.093  000.093: require('nvim-tree.actions.finders.find-file')
138.429  005.345  000.189: require('nvim-tree.lib')
138.548  000.118  000.118: require('nvim-tree.colors')
138.638  000.090  000.090: require('nvim-tree.legacy')
138.811  000.171  000.171: require('nvim-tree.actions.fs.copy-paste')
139.025  000.096  000.096: require('nvim-tree.actions.tree-modifiers.expand-all')
139.105  000.079  000.079: require('nvim-tree.actions.tree-modifiers.toggles')
139.220  000.114  000.114: require('nvim-tree.actions.fs.create-file')
139.324  000.102  000.102: require('nvim-tree.actions.fs.rename-file')
139.445  000.120  000.120: require('nvim-tree.actions.fs.trash')
139.555  000.109  000.109: require('nvim-tree.actions.fs.remove-file')
139.638  000.081  000.081: require('nvim-tree.actions.moves.parent')
139.722  000.084  000.084: require('nvim-tree.actions.moves.sibling')
139.808  000.085  000.085: require('nvim-tree.actions.moves.item')
139.908  000.098  000.098: require('nvim-tree.actions.finders.search-node')
140.011  000.081  000.081: require('nvim-tree.actions.node.run-command')
140.106  000.094  000.094: require('nvim-tree.actions.node.file-popup')
140.200  000.092  000.092: require('nvim-tree.actions.node.system-open')
140.285  000.084  000.084: require('nvim-tree.marks.bulk-move')
140.286  001.474  000.155: require('nvim-tree.actions.dispatch')
140.297  007.848  000.651: require('nvim-tree')
140.367  000.069  000.069: require('nvim-tree.config')
141.681  000.214  000.214: require('nvim-tree.actions')
141.875  000.191  000.191: require('nvim-tree.actions.node.open-file')
142.844  000.105  000.105: require('nvim-tree.marks.navigation')
142.846  000.274  000.169: require('nvim-tree.api')
142.850  000.424  000.151: require('nvim-tree.keymap')
143.497  000.515  000.515: require('nvim-web-devicons')
144.953  012.673  003.412: sourcing /Users/stefancho/.config/nvim/after/plugin/nvim-tree.lua
145.167  000.146  000.146: require('ufo')
145.488  000.182  000.182: require('ufo.utils')
146.011  000.156  000.156: require('promise-async.utils')
146.146  000.134  000.134: require('promise-async.error')
146.289  000.141  000.141: require('promise-async.loop')
146.293  000.689  000.258: require('promise')
146.453  000.159  000.159: require('ufo.lib.log')
146.454  000.966  000.117: require('ufo.provider')
146.724  000.102  000.102: require('ufo.config')
146.984  000.132  000.132: require('promise-async.compat')
146.986  000.261  000.129: require('async')
147.163  000.081  000.081: require('ufo.lib.disposable')
147.164  000.177  000.096: require('ufo.lib.event')
147.613  000.146  000.146: require('ufo.model.buffer')
147.707  000.093  000.093: require('ufo.model.foldedline')
147.709  000.395  000.156: require('ufo.model.foldbuffer')
147.818  000.108  000.108: require('ufo.bufmanager')
148.043  000.105  000.105: require('ufo.wffi')
148.044  000.225  000.120: require('ufo.fold.driver')
148.045  000.881  000.153: require('ufo.fold.manager')
148.140  000.093  000.093: require('ufo.lib.debounce')
148.143  001.688  000.174: require('ufo.fold')
148.633  000.114  000.114: require('ufo.highlight')
148.734  000.101  000.101: require('ufo.render.extmark')
148.840  000.105  000.105: require('ufo.render.treesitter')
148.930  000.089  000.089: require('ufo.render.match')
148.932  000.572  000.163: require('ufo.render')
148.934  000.790  000.218: require('ufo.decorator')
149.339  000.180  000.180: require('ufo.preview.floatwin')
149.466  000.127  000.127: require('ufo.preview.scrollbar')
149.566  000.099  000.099: require('ufo.preview.winbar')
149.683  000.117  000.117: require('ufo.preview.keymap')
149.686  000.752  000.230: require('ufo.preview')
149.689  004.521  000.143: require('ufo.main')
149.848  004.852  000.186: sourcing /Users/stefancho/.config/nvim/after/plugin/nvim-ufo.lua
150.143  000.154  000.154: require('telescope.themes')
150.868  000.180  000.180: require('telescope._extensions.file_browser.utils')
150.886  000.619  000.440: require('telescope._extensions.file_browser.actions')
151.390  000.122  000.122: require('telescope._extensions.file_browser.git')
151.396  000.330  000.209: require('telescope._extensions.file_browser.make_entry')
151.423  000.537  000.206: require('telescope._extensions.file_browser.finders')
151.541  000.117  000.117: require('telescope._extensions.file_browser.picker')
151.688  000.146  000.146: require('telescope._extensions.file_browser.config')
151.690  001.545  000.126: require('telescope._extensions.file_browser')
152.476  002.585  000.886: sourcing /Users/stefancho/.config/nvim/after/plugin/telescope.lua
152.655  000.138  000.138: sourcing /Users/stefancho/.config/nvim/after/plugin/toggleterm.lua
154.423  000.120  000.120: require('ts_context_commentstring.utils')
154.427  000.281  000.161: require('ts_context_commentstring.internal')
154.770  000.178  000.178: require('nvim-treesitter.locals')
154.772  000.327  000.149: require('nvim-treesitter.incremental_selection')
154.964  000.156  000.156: require('nvim-treesitter.indent')
155.079  000.092  000.092: require('nvim-treesitter.highlight')
155.119  002.432  001.576: sourcing /Users/stefancho/.config/nvim/after/plugin/treesitter.lua
155.428  000.125  000.125: require('true-zen')
155.544  000.114  000.114: require('true-zen.config')
155.552  000.403  000.164: sourcing /Users/stefancho/.config/nvim/after/plugin/true-zen.lua
155.610  000.029  000.029: sourcing /Users/stefancho/.config/nvim/after/plugin/ts-autotag.lua
155.655  000.017  000.017: sourcing /Users/stefancho/.config/nvim/after/plugin/web-devicons.lua
155.656  002.392: loading after plugins
155.662  000.006: inits 3
158.817  003.155: reading ShaDa
159.354  000.140  000.140: require('luasnip.loaders.util')
159.358  000.298  000.158: require('luasnip.loaders.from_lua')
159.661  000.091  000.091: require('luasnip.nodes.snippetProxy')
159.664  000.253  000.162: require('luasnip.loaders.from_snipmate')
159.840  000.165  000.165: require('luasnip.loaders.from_vscode')
159.936  000.404: opening buffers
160.062  000.065  000.065: require('bufferline.state')
160.184  000.183: BufEnter autocommands
160.186  000.002: editing files in windows
160.314  000.100  000.100: require('mason-core.terminator')
191.789  000.246  000.246: require('vim.fs')
192.243  000.055  000.055: require('gitsigns.signs.base')
192.244  000.119  000.064: require('gitsigns.signs')
192.306  000.061  000.061: require('gitsigns.status')
192.439  000.132  000.132: require('gitsigns.util')
192.441  000.520  000.208: require('gitsigns.hunks')
192.832  000.087  000.087: require('gitsigns.subprocess')
192.842  000.401  000.313: require('gitsigns.git')
192.844  001.022  000.102: require('gitsigns.cache')
